<?xml version="1.0" encoding="UTF-8"?>
<!-- Generated by org.testng.reporters.JUnitReportReporter -->
<testsuite hostname="KVCLASS08" name="Selenimu2ExampleChromeTest" tests="1" failures="0" timestamp="30 Sep 2014 10:20:32 GMT" time="13,467" errors="0">
  <testcase name="testGetTitle" time="13,467" classname="Selenimu2ExampleChromeTest"/>
</testsuite>
